0 info it worked if it ends with ok
1 verbose cli [ 'C:\\Program Files\\nodejs\\\\node.exe',
1 verbose cli   'C:\\Program Files\\nodejs\\node_modules\\npm\\bin\\npm-cli.js',
1 verbose cli   'owner',
1 verbose cli   'ls',
1 verbose cli   'ABCKitchen' ]
2 info using npm@2.7.4
3 info using node@v0.12.2
4 verbose node symlink C:\Program Files\nodejs\\node.exe
5 silly mapToRegistry name ABCKitchen
6 silly mapToRegistry using default registry
7 silly mapToRegistry registry https://registry.npmjs.org/
8 silly mapToRegistry uri https://registry.npmjs.org/ABCKitchen
9 verbose request uri https://registry.npmjs.org/ABCKitchen
10 verbose request no auth needed
11 info attempt registry request try #1 at 10:28:45 PM
12 verbose request id 34a11252b0b1659e
13 http request GET https://registry.npmjs.org/ABCKitchen
14 http 404 https://registry.npmjs.org/ABCKitchen
15 verbose headers { server: 'CouchDB/1.5.0 (Erlang OTP/R16B03)',
15 verbose headers   'content-type': 'application/json',
15 verbose headers   'cache-control': 'max-age=0',
15 verbose headers   'content-length': '51',
15 verbose headers   'accept-ranges': 'bytes',
15 verbose headers   date: 'Sat, 09 May 2015 15:28:27 GMT',
15 verbose headers   via: '1.1 varnish',
15 verbose headers   age: '0',
15 verbose headers   connection: 'keep-alive',
15 verbose headers   'x-served-by': 'cache-lax1427-LAX',
15 verbose headers   'x-cache': 'MISS',
15 verbose headers   'x-cache-hits': '0',
15 verbose headers   'x-timer': 'S1431185307.658769,VS0,VE48' }
16 silly get cb [ 404,
16 silly get   { server: 'CouchDB/1.5.0 (Erlang OTP/R16B03)',
16 silly get     'content-type': 'application/json',
16 silly get     'cache-control': 'max-age=0',
16 silly get     'content-length': '51',
16 silly get     'accept-ranges': 'bytes',
16 silly get     date: 'Sat, 09 May 2015 15:28:27 GMT',
16 silly get     via: '1.1 varnish',
16 silly get     age: '0',
16 silly get     connection: 'keep-alive',
16 silly get     'x-served-by': 'cache-lax1427-LAX',
16 silly get     'x-cache': 'MISS',
16 silly get     'x-cache-hits': '0',
16 silly get     'x-timer': 'S1431185307.658769,VS0,VE48' } ]
17 error owner ls Couldn't get owner data ABCKitchen
18 verbose stack Error: 404 Not Found: ABCKitchen
18 verbose stack     at CachingRegistryClient.<anonymous> (C:\Users\PHI\AppData\Roaming\nvm\v0.12.2\node_modules\npm\node_modules\npm-registry-client\lib\request.js:245:14)
18 verbose stack     at Request._callback (C:\Users\PHI\AppData\Roaming\nvm\v0.12.2\node_modules\npm\node_modules\npm-registry-client\lib\request.js:170:14)
18 verbose stack     at Request.self.callback (C:\Users\PHI\AppData\Roaming\nvm\v0.12.2\node_modules\npm\node_modules\request\request.js:344:22)
18 verbose stack     at Request.emit (events.js:110:17)
18 verbose stack     at Request.<anonymous> (C:\Users\PHI\AppData\Roaming\nvm\v0.12.2\node_modules\npm\node_modules\request\request.js:1239:14)
18 verbose stack     at Request.emit (events.js:129:20)
18 verbose stack     at IncomingMessage.<anonymous> (C:\Users\PHI\AppData\Roaming\nvm\v0.12.2\node_modules\npm\node_modules\request\request.js:1187:12)
18 verbose stack     at IncomingMessage.emit (events.js:129:20)
18 verbose stack     at _stream_readable.js:908:16
18 verbose stack     at process._tickCallback (node.js:355:11)
19 verbose statusCode 404
20 verbose pkgid ABCKitchen
21 verbose cwd C:\Users\PHI\WebstormProjects\abckitchen
22 error Windows_NT 6.1.7601
23 error argv "C:\\Program Files\\nodejs\\\\node.exe" "C:\\Program Files\\nodejs\\node_modules\\npm\\bin\\npm-cli.js" "owner" "ls" "ABCKitchen"
24 error node v0.12.2
25 error npm  v2.7.4
26 error code E404
27 error 404 Not Found: ABCKitchen
27 error 404
27 error 404 'ABCKitchen' is not in the npm registry.
27 error 404 You should bug the author to publish it (or use the name yourself!)
27 error 404
27 error 404 Note that you can also install from a
27 error 404 tarball, folder, http url, or git url.
28 verbose exit [ 1, true ]
